2020-04-01 18:08:58 = INFO - [settings.py] BASE_DIR set to /home/ryan/Desktop/SFU/CSSS_Site/csss-site/csss-site/src
2020-04-01 18:08:58 = INFO - [settings.py] DEBUG set to True
2020-04-01 18:08:58 = INFO - [settings.py] HOST_ADDRESS set to *
2020-04-01 18:08:58 = INFO - [settings.py] ALLOWED_HOSTS set to ['*']
2020-04-01 18:08:58 = INFO - [settings.py] ROOT_DIR set to /home/ryan/Desktop/SFU/CSSS_Site/csss-site
2020-04-01 18:08:58 = INFO - [settings.py] STATIC_URL set to /STATIC_URL/
2020-04-01 18:08:58 = INFO - [settings.py] STATIC_ROOT set to /home/ryan/Desktop/SFU/CSSS_Site/csss-site/csss-site/src/static_root/
2020-04-01 18:08:58 = INFO - [settings.py] MEDIA_URL set to /MEDIA_URL/
2020-04-01 18:08:58 = INFO - [settings.py] MEDIA_ROOT set to /home/ryan/Desktop/SFU/CSSS_Site/csss-site/csss-site/src/media_root/
2020-04-01 18:08:58 = INFO - [settings.py] FILE_FORM_MASTER_DIR set to form_uploads/form_uploads/
2020-04-01 18:08:58 = INFO - [settings.py] FILE_FORM_UPLOAD_DIR set to form_uploads/form_uploads/temporary_files/
2020-04-01 18:08:58 = INFO - [settings.py] DJANGO_MAILBOX_ATTACHMENT_UPLOAD_TO set to mailbox_attachments/%Y/%m/%d/
2020-04-01 18:08:58 = WARNING - Watching for file changes with StatReloader

2020-04-01 18:08:58 = INFO - Performing system checks...


2020-04-01 18:08:58 = INFO - System check identified no issues (0 silenced).

2020-04-01 18:08:58 = INFO - April 01, 2020 - 18:08:58

2020-04-01 18:08:58 = INFO - Django version 2.2.10, using settings 'csss.settings'
Starting development server at http://0.0.0.0:8000/
Quit the server with CONTROL-C.

2020-04-01 18:08:59 = INFO - 5
2020-04-01 18:08:59 = INFO - 6
2020-04-01 18:08:59 = INFO - 7
2020-04-01 18:08:59 = INFO - 8
2020-04-01 18:08:59 = WARNING - [01/Apr/2020 18:08:59] "GET /documents/photo_gallery/Frosh%20Fun/2020-04-01 HTTP/1.1" 200 14789

2020-04-01 18:08:59 = WARNING - [01/Apr/2020 18:08:59] "GET /STATIC_URL/csss_static/bulma.css.map HTTP/1.1" 404 1707

2020-04-01 18:09:38 = INFO - 5
2020-04-01 18:09:38 = INFO - 6
2020-04-01 18:09:38 = INFO - 7
2020-04-01 18:09:38 = INFO - 8
2020-04-01 18:09:38 = WARNING - Internal Server Error: /documents/photo_gallery/Frosh Fun/2020-04-01
Traceback (most recent call last):
  File "/home/ryan/.local/lib/python3.7/site-packages/django/template/base.py", line 470, in parse
    compile_func = self.tags[command]
KeyError: 'media.id'

During handling of the above exception, another exception occurred:

Traceback (most recent call last):
  File "/home/ryan/.local/lib/python3.7/site-packages/django/core/handlers/exception.py", line 34, in inner
    response = get_response(request)
  File "/home/ryan/.local/lib/python3.7/site-packages/django/core/handlers/base.py", line 115, in _get_response
    response = self.process_exception_by_middleware(e, request)
  File "/home/ryan/.local/lib/python3.7/site-packages/django/core/handlers/base.py", line 113, in _get_response
    response = wrapped_callback(request, *callback_args, **callback_kwargs)
  File "/home/ryan/Desktop/SFU/CSSS_Site/csss-site/csss-site/src/documents/views.py", line 107, in album
    return render(request, 'documents/album.html', context)
  File "/home/ryan/.local/lib/python3.7/site-packages/django/shortcuts.py", line 36, in render
    content = loader.render_to_string(template_name, context, request, using=using)
  File "/home/ryan/.local/lib/python3.7/site-packages/django/template/loader.py", line 61, in render_to_string
    template = get_template(template_name, using=using)
  File "/home/ryan/.local/lib/python3.7/site-packages/django/template/loader.py", line 15, in get_template
    return engine.get_template(template_name)
  File "/home/ryan/.local/lib/python3.7/site-packages/django/template/backends/django.py", line 34, in get_template
    return Template(self.engine.get_template(template_name), self)
  File "/home/ryan/.local/lib/python3.7/site-packages/django/template/engine.py", line 143, in get_template
    template, origin = self.find_template(template_name)
  File "/home/ryan/.local/lib/python3.7/site-packages/django/template/engine.py", line 125, in find_template
    template = loader.get_template(name, skip=skip)
  File "/home/ryan/.local/lib/python3.7/site-packages/django/template/loaders/base.py", line 30, in get_template
    contents, origin, origin.template_name, self.engine,
  File "/home/ryan/.local/lib/python3.7/site-packages/django/template/base.py", line 156, in __init__
    self.nodelist = self.compile_nodelist()
  File "/home/ryan/.local/lib/python3.7/site-packages/django/template/base.py", line 194, in compile_nodelist
    return parser.parse()
  File "/home/ryan/.local/lib/python3.7/site-packages/django/template/base.py", line 478, in parse
    raise self.error(token, e)
  File "/home/ryan/.local/lib/python3.7/site-packages/django/template/base.py", line 476, in parse
    compiled_result = compile_func(self, token)
  File "/home/ryan/.local/lib/python3.7/site-packages/django/template/loader_tags.py", line 266, in do_extends
    nodelist = parser.parse()
  File "/home/ryan/.local/lib/python3.7/site-packages/django/template/base.py", line 478, in parse
    raise self.error(token, e)
  File "/home/ryan/.local/lib/python3.7/site-packages/django/template/base.py", line 476, in parse
    compiled_result = compile_func(self, token)
  File "/home/ryan/.local/lib/python3.7/site-packages/django/template/loader_tags.py", line 209, in do_block
    nodelist = parser.parse(('endblock',))
  File "/home/ryan/.local/lib/python3.7/site-packages/django/template/base.py", line 478, in parse
    raise self.error(token, e)
  File "/home/ryan/.local/lib/python3.7/site-packages/django/template/base.py", line 476, in parse
    compiled_result = compile_func(self, token)
  File "/home/ryan/.local/lib/python3.7/site-packages/django/template/defaulttags.py", line 811, in do_for
    nodelist_loop = parser.parse(('empty', 'endfor',))
  File "/home/ryan/.local/lib/python3.7/site-packages/django/template/base.py", line 478, in parse
    raise self.error(token, e)
  File "/home/ryan/.local/lib/python3.7/site-packages/django/template/base.py", line 476, in parse
    compiled_result = compile_func(self, token)
  File "/home/ryan/.local/lib/python3.7/site-packages/django/template/defaulttags.py", line 952, in do_if
    nodelist = parser.parse(('elif', 'else', 'endif'))
  File "/home/ryan/.local/lib/python3.7/site-packages/django/template/base.py", line 472, in parse
    self.invalid_block_tag(token, command, parse_until)
  File "/home/ryan/.local/lib/python3.7/site-packages/django/template/base.py", line 528, in invalid_block_tag
    get_text_list(["'%s'" % p for p in parse_until], 'or'),
django.template.exceptions.TemplateSyntaxError: Invalid block tag on line 26: 'media.id', expected 'elif', 'else' or 'endif'. Did you forget to register or load this tag?

2020-04-01 18:09:38 = WARNING - [01/Apr/2020 18:09:38] "GET /documents/photo_gallery/Frosh%20Fun/2020-04-01 HTTP/1.1" 500 207523

2020-04-01 18:09:59 = INFO - 5
2020-04-01 18:09:59 = INFO - 6
2020-04-01 18:09:59 = INFO - 7
2020-04-01 18:09:59 = INFO - 8
2020-04-01 18:09:59 = WARNING - [01/Apr/2020 18:09:59] "GET /documents/photo_gallery/Frosh%20Fun/2020-04-01 HTTP/1.1" 200 14817

2020-04-01 18:09:59 = WARNING - [01/Apr/2020 18:09:59] "GET /STATIC_URL/csss_static/Jan.%201%2C%202015-Frosh/IMG_20150911_205739852.jpg HTTP/1.1" 304 0

2020-04-01 18:09:59 = WARNING - [01/Apr/2020 18:09:59] "GET /STATIC_URL/csss_static/Jan.%201%2C%202016-Hacketines/CSSS-160212-9704.jpg HTTP/1.1" 304 0

2020-04-01 18:09:59 = WARNING - [01/Apr/2020 18:09:59] "GET /STATIC_URL/csss_static/Jan.%201%2C%202016-Hacketines/CSSS-160212-9711.jpg HTTP/1.1" 304 0

2020-04-01 18:09:59 = WARNING - [01/Apr/2020 18:09:59] "GET /STATIC_URL/csss_static/Jan.%201%2C%202015-Frosh/Comic%20Sans.jpg HTTP/1.1" 304 0

2020-04-01 18:09:59 = WARNING - [01/Apr/2020 18:09:59] "GET /STATIC_URL/csss_static/bulma.css.map HTTP/1.1" 404 1707

2020-04-01 18:10:25 = INFO - 5
2020-04-01 18:10:25 = INFO - 6
2020-04-01 18:10:25 = INFO - 7
2020-04-01 18:10:25 = INFO - 8
2020-04-01 18:10:26 = WARNING - [01/Apr/2020 18:10:26] "GET /documents/photo_gallery/Frosh%20Fun/2020-04-01 HTTP/1.1" 200 14531

2020-04-01 18:10:26 = WARNING - [01/Apr/2020 18:10:26] "GET /STATIC_URL/csss_static/bulma.css.map HTTP/1.1" 404 1707

2020-04-01 18:13:07 = INFO - 5
2020-04-01 18:13:07 = INFO - 6
2020-04-01 18:13:07 = INFO - 7
2020-04-01 18:13:07 = INFO - 8
2020-04-01 18:13:07 = WARNING - [01/Apr/2020 18:13:07] "GET /documents/photo_gallery/Frosh%20Fun/2020-04-01 HTTP/1.1" 200 14592

2020-04-01 18:13:07 = WARNING - [01/Apr/2020 18:13:07] "GET /STATIC_URL/csss_static/bulma.css.map HTTP/1.1" 404 1707

2020-04-01 18:13:26 = INFO - 5
2020-04-01 18:13:26 = INFO - 6
2020-04-01 18:13:26 = INFO - 7
2020-04-01 18:13:26 = INFO - 8
2020-04-01 18:13:26 = WARNING - [01/Apr/2020 18:13:26] "GET /documents/photo_gallery/Frosh%20Fun/2020-04-01 HTTP/1.1" 200 14590

2020-04-01 18:13:26 = WARNING - [01/Apr/2020 18:13:26] "GET /STATIC_URL/csss_static/bulma.css.map HTTP/1.1" 404 1707

2020-04-01 18:15:48 = INFO - 5
2020-04-01 18:15:48 = INFO - 6
2020-04-01 18:15:48 = INFO - 7
2020-04-01 18:15:48 = INFO - 8
2020-04-01 18:15:48 = WARNING - [01/Apr/2020 18:15:48] "GET /documents/photo_gallery/Frosh%20Fun/2020-04-01 HTTP/1.1" 200 14453

2020-04-01 18:15:48 = WARNING - [01/Apr/2020 18:15:48] "GET /STATIC_URL/csss_static/bulma.css.map HTTP/1.1" 404 1707

2020-04-01 18:16:11 = INFO - 5
2020-04-01 18:16:11 = INFO - 6
2020-04-01 18:16:11 = INFO - 7
2020-04-01 18:16:11 = INFO - 8
2020-04-01 18:16:11 = WARNING - [01/Apr/2020 18:16:11] "GET /documents/photo_gallery/Frosh%20Fun/2020-04-01 HTTP/1.1" 200 14482

2020-04-01 18:16:11 = WARNING - [01/Apr/2020 18:16:11] "GET /STATIC_URL/csss_static/bulma.css.map HTTP/1.1" 404 1707

2020-04-01 18:18:00 = INFO - 5
2020-04-01 18:18:00 = INFO - 6
2020-04-01 18:18:00 = INFO - 7
2020-04-01 18:18:00 = INFO - 8
2020-04-01 18:18:00 = WARNING - [01/Apr/2020 18:18:00] "GET /documents/photo_gallery/Frosh%20Fun/2020-04-01 HTTP/1.1" 200 14498

2020-04-01 18:18:00 = WARNING - [01/Apr/2020 18:18:00] "GET /STATIC_URL/csss_static/bulma.css.map HTTP/1.1" 404 1707

2020-04-01 18:18:36 = INFO - 5
2020-04-01 18:18:36 = INFO - 6
2020-04-01 18:18:36 = INFO - 7
2020-04-01 18:18:36 = INFO - 8
2020-04-01 18:18:36 = WARNING - [01/Apr/2020 18:18:36] "GET /documents/photo_gallery/Frosh%20Fun/2020-04-01 HTTP/1.1" 200 14498

2020-04-01 18:18:36 = WARNING - [01/Apr/2020 18:18:36] "GET /STATIC_URL/csss_static/Jan.%201%2C%202015-Frosh/IMG_20150911_205739852.jpg HTTP/1.1" 304 0

2020-04-01 18:18:36 = WARNING - [01/Apr/2020 18:18:36] "GET /STATIC_URL/csss_static/Jan.%201%2C%202015-Frosh/Comic%20Sans.jpg HTTP/1.1" 304 0

2020-04-01 18:18:37 = WARNING - [01/Apr/2020 18:18:37] "GET /STATIC_URL/csss_static/Jan.%201%2C%202016-Hacketines/CSSS-160212-9711.jpg HTTP/1.1" 304 0

2020-04-01 18:18:37 = WARNING - [01/Apr/2020 18:18:37] "GET /STATIC_URL/csss_static/Jan.%201%2C%202016-Hacketines/CSSS-160212-9704.jpg HTTP/1.1" 304 0

2020-04-01 18:18:37 = WARNING - [01/Apr/2020 18:18:37] "GET /STATIC_URL/csss_static/bulma.css.map HTTP/1.1" 404 1707

2020-04-01 18:18:40 = INFO - 5
2020-04-01 18:18:40 = INFO - 6
2020-04-01 18:18:40 = INFO - 7
2020-04-01 18:18:40 = INFO - 8
2020-04-01 18:18:40 = WARNING - [01/Apr/2020 18:18:40] "GET /documents/photo_gallery/Frosh%20Fun/2020-04-01?p=2 HTTP/1.1" 200 10759

2020-04-01 18:18:40 = WARNING - [01/Apr/2020 18:18:40] "GET /STATIC_URL/csss_static/sfu_hero_image.jpg HTTP/1.1" 304 0

2020-04-01 18:18:40 = WARNING - [01/Apr/2020 18:18:40] "GET /STATIC_URL/csss_static/bulma.css.map HTTP/1.1" 404 1707

2020-04-01 18:18:41 = INFO - 5
2020-04-01 18:18:41 = INFO - 6
2020-04-01 18:18:41 = INFO - 7
2020-04-01 18:18:41 = INFO - 8
2020-04-01 18:18:41 = WARNING - [01/Apr/2020 18:18:41] "GET /documents/photo_gallery/Frosh%20Fun/2020-04-01?p=1 HTTP/1.1" 200 14498

2020-04-01 18:18:41 = WARNING - [01/Apr/2020 18:18:41] "GET /STATIC_URL/csss_static/bulma.css.map HTTP/1.1" 404 1707

2020-04-01 18:20:25 = INFO - 5
2020-04-01 18:20:25 = INFO - 6
2020-04-01 18:20:25 = INFO - 7
2020-04-01 18:20:25 = INFO - 8
2020-04-01 18:20:25 = WARNING - [01/Apr/2020 18:20:25] "GET /documents/photo_gallery/Frosh%20Fun/2020-04-01?p=1 HTTP/1.1" 200 14486

2020-04-01 18:20:25 = WARNING - [01/Apr/2020 18:20:25] "GET /STATIC_URL/csss_static/bulma.css.map HTTP/1.1" 404 1707

2020-04-01 18:21:15 = INFO - 5
2020-04-01 18:21:15 = INFO - 6
2020-04-01 18:21:15 = INFO - 7
2020-04-01 18:21:15 = INFO - 8
2020-04-01 18:21:15 = WARNING - [01/Apr/2020 18:21:15] "GET /documents/photo_gallery/Frosh%20Fun/2020-04-01?p=1 HTTP/1.1" 200 14612

2020-04-01 18:21:15 = WARNING - [01/Apr/2020 18:21:15] "GET /STATIC_URL/csss_static/bulma.css.map HTTP/1.1" 404 1707

2020-04-01 18:21:33 = INFO - 5
2020-04-01 18:21:33 = INFO - 6
2020-04-01 18:21:33 = INFO - 7
2020-04-01 18:21:33 = INFO - 8
2020-04-01 18:21:33 = WARNING - [01/Apr/2020 18:21:33] "GET /documents/photo_gallery/Frosh%20Fun/2020-04-01?p=1 HTTP/1.1" 200 14551

2020-04-01 18:21:33 = WARNING - [01/Apr/2020 18:21:33] "GET /STATIC_URL/csss_static/bulma.css.map HTTP/1.1" 404 1707

2020-04-01 18:22:22 = INFO - 5
2020-04-01 18:22:22 = INFO - 6
2020-04-01 18:22:22 = INFO - 7
2020-04-01 18:22:22 = INFO - 8
2020-04-01 18:22:22 = WARNING - [01/Apr/2020 18:22:22] "GET /documents/photo_gallery/Frosh%20Fun/2020-04-01?p=1 HTTP/1.1" 200 14551

2020-04-01 18:22:23 = INFO - 5
2020-04-01 18:22:23 = INFO - 6
2020-04-01 18:22:23 = INFO - 7
2020-04-01 18:22:23 = INFO - 8
2020-04-01 18:22:23 = WARNING - [01/Apr/2020 18:22:23] "GET /documents/photo_gallery/Frosh%20Fun/2020-04-01?p=2 HTTP/1.1" 200 10812

2020-04-01 18:22:25 = INFO - 5
2020-04-01 18:22:25 = INFO - 6
2020-04-01 18:22:25 = INFO - 7
2020-04-01 18:22:25 = INFO - 8
2020-04-01 18:22:25 = WARNING - [01/Apr/2020 18:22:25] "GET /documents/photo_gallery/Frosh%20Fun/2020-04-01?p=1 HTTP/1.1" 200 14551

2020-04-01 18:22:32 = INFO - [csss/views.py index()] sfu_emails []
2020-04-01 18:22:32 = WARNING - [01/Apr/2020 18:22:32] "GET / HTTP/1.1" 200 12098

2020-04-01 18:22:32 = WARNING - [01/Apr/2020 18:22:32] "GET /STATIC_URL/csss_static/new_style.css HTTP/1.1" 200 229963

2020-04-01 18:22:32 = WARNING - [01/Apr/2020 18:22:32] "GET /STATIC_URL/csss_static/sfu_hero_image.jpg HTTP/1.1" 304 0

2020-04-01 18:22:33 = WARNING - Not Found: /favicon.ico

2020-04-01 18:22:40 = WARNING - [01/Apr/2020 18:22:40] "GET /documents/photo_gallery HTTP/1.1" 200 10634

2020-04-01 18:22:40 = WARNING - [01/Apr/2020 18:22:40] "GET /STATIC_URL/csss_static/new_style.css HTTP/1.1" 304 0

2020-04-01 18:22:40 = WARNING - [01/Apr/2020 18:22:40] "GET /STATIC_URL/csss_static/Jan.%201%2C%202015-Frosh/IMG_20150911_205739852.jpg HTTP/1.1" 200 2943047

2020-04-01 18:22:43 = INFO - 5
2020-04-01 18:22:43 = INFO - 6
2020-04-01 18:22:43 = INFO - 7
2020-04-01 18:22:43 = INFO - 8
2020-04-01 18:22:43 = WARNING - [01/Apr/2020 18:22:43] "GET /documents/photo_gallery/Frosh%20Fun/2020-04-01 HTTP/1.1" 200 14135

2020-04-01 18:22:43 = WARNING - [01/Apr/2020 18:22:43] "GET /STATIC_URL/csss_static/Jan.%201%2C%202016-Hacketines/CSSS-160212-9704.jpg HTTP/1.1" 200 2215175

2020-04-01 18:22:43 = WARNING - [01/Apr/2020 18:22:43] "GET /STATIC_URL/csss_static/Jan.%201%2C%202015-Frosh/Comic%20Sans.jpg HTTP/1.1" 200 3777745

2020-04-01 18:22:43 = WARNING - [01/Apr/2020 18:22:43] "GET /STATIC_URL/csss_static/Jan.%201%2C%202016-Hacketines/CSSS-160212-9711.jpg HTTP/1.1" 200 1655194

2020-04-01 18:23:00 = INFO - 5
2020-04-01 18:23:00 = INFO - 6
2020-04-01 18:23:00 = INFO - 7
2020-04-01 18:23:00 = INFO - 8
2020-04-01 18:23:00 = WARNING - [01/Apr/2020 18:23:00] "GET /documents/photo_gallery/Frosh%20Fun/2020-04-01?p=1 HTTP/1.1" 200 14135

2020-04-01 18:23:11 = INFO - [csss/views.py index()] sfu_emails []
2020-04-01 18:23:11 = WARNING - [01/Apr/2020 18:23:11] "GET / HTTP/1.1" 200 12098

2020-04-01 18:23:27 = WARNING - [01/Apr/2020 18:23:27] "GET /documents/photo_gallery HTTP/1.1" 200 10634

2020-04-01 18:23:32 = INFO - 5
2020-04-01 18:23:32 = INFO - 6
2020-04-01 18:23:32 = INFO - 7
2020-04-01 18:23:32 = INFO - 8
2020-04-01 18:23:32 = WARNING - [01/Apr/2020 18:23:32] "GET /documents/photo_gallery/Frosh%20Fun/2020-04-01 HTTP/1.1" 200 14135

2020-04-01 18:23:41 = INFO - [csss/views.py index()] sfu_emails []
2020-04-01 18:23:41 = WARNING - [01/Apr/2020 18:23:41] "GET / HTTP/1.1" 200 12098

2020-04-01 18:23:59 = WARNING - [01/Apr/2020 18:23:59] "GET /comp_sci_guide/ HTTP/1.1" 200 14090

2020-04-01 18:24:04 = WARNING - [01/Apr/2020 18:24:04] "GET /bursaries_and_awards/ HTTP/1.1" 200 14332

2020-04-01 18:24:08 = WARNING - [01/Apr/2020 18:24:08] "GET /events/ HTTP/1.1" 200 9856

2020-04-01 18:24:16 = WARNING - [01/Apr/2020 18:24:16] "GET /events/board_games HTTP/1.1" 200 9490

2020-04-01 18:24:28 = INFO - [csss/views.py index()] sfu_emails []
2020-04-01 18:24:28 = WARNING - [01/Apr/2020 18:24:28] "GET / HTTP/1.1" 200 12098

2020-04-01 18:24:42 = WARNING - [01/Apr/2020 18:24:42] "GET /documents/photo_gallery HTTP/1.1" 200 10634

2020-04-01 18:24:45 = INFO - 5
2020-04-01 18:24:45 = INFO - 6
2020-04-01 18:24:45 = INFO - 7
2020-04-01 18:24:45 = INFO - 8
2020-04-01 18:24:45 = WARNING - [01/Apr/2020 18:24:45] "GET /documents/photo_gallery/Frosh%20Fun/2020-04-01 HTTP/1.1" 200 14135

2020-04-01 18:37:23 = INFO - [csss/views.py index()] sfu_emails []
2020-04-01 18:37:23 = WARNING - [01/Apr/2020 18:37:23] "GET / HTTP/1.1" 200 12514

2020-04-01 18:38:06 = INFO - [csss/views.py index()] sfu_emails []
2020-04-01 18:38:06 = WARNING - [01/Apr/2020 18:38:06] "GET /?p=2 HTTP/1.1" 200 10162

2020-04-01 18:38:09 = INFO - [csss/views.py index()] sfu_emails []
2020-04-01 18:38:09 = WARNING - [01/Apr/2020 18:38:09] "GET /?p=1 HTTP/1.1" 200 12514

2020-04-01 18:38:35 = WARNING - [01/Apr/2020 18:38:35] "GET /events/board_games HTTP/1.1" 200 9906

2020-04-01 18:38:38 = WARNING - [01/Apr/2020 18:38:38] "GET /events/general_meetings HTTP/1.1" 200 9952

2020-04-01 18:38:52 = WARNING - [01/Apr/2020 18:38:52] "GET /events/mountain_madness2020 HTTP/1.1" 200 11612

2020-04-01 18:38:52 = WARNING - [01/Apr/2020 18:38:52] "GET /STATIC_URL/events_static/mm_hackathon2020/mm2020_main.css HTTP/1.1" 200 10046

2020-04-01 18:40:13 = INFO - [csss/views.py index()] sfu_emails []
2020-04-01 18:40:13 = WARNING - [01/Apr/2020 18:40:13] "GET / HTTP/1.1" 200 12514

2020-04-01 18:40:28 = WARNING - [01/Apr/2020 18:40:28] "GET /documents/photo_gallery HTTP/1.1" 200 11050

2020-04-01 18:40:28 = WARNING - [01/Apr/2020 18:40:28] "GET /STATIC_URL/csss_static/Jan.%201%2C%202015-Frosh/IMG_20150911_205739852.jpg HTTP/1.1" 304 0

2020-04-01 18:40:35 = INFO - 5
2020-04-01 18:40:35 = INFO - 6
2020-04-01 18:40:35 = INFO - 7
2020-04-01 18:40:35 = INFO - 8
2020-04-01 18:40:35 = WARNING - [01/Apr/2020 18:40:35] "GET /documents/photo_gallery/Frosh%20Fun/2020-04-01 HTTP/1.1" 200 14551

2020-04-01 18:40:35 = WARNING - [01/Apr/2020 18:40:35] "GET /STATIC_URL/csss_static/Jan.%201%2C%202015-Frosh/Comic%20Sans.jpg HTTP/1.1" 200 3777745

2020-04-01 18:40:35 = WARNING - [01/Apr/2020 18:40:35] "GET /STATIC_URL/csss_static/Jan.%201%2C%202016-Hacketines/CSSS-160212-9704.jpg HTTP/1.1" 304 0

2020-04-01 18:40:35 = WARNING - [01/Apr/2020 18:40:35] "GET /STATIC_URL/csss_static/Jan.%201%2C%202016-Hacketines/CSSS-160212-9711.jpg HTTP/1.1" 304 0

